C:\Program Files (x86)\Microsoft Visual Studio\2019\Community\MSBuild\Microsoft\VC\v160\Microsoft.CppBuild.targets(452,5): warning MSB8028: The intermediate directory (Debug\) contains files shared from another project (ProyectoCGFinal.vcxproj).  This can lead to incorrect clean and rebuild behavior.
  main.cpp
  Camera.cpp
  figuras.cpp
D:\Bibliotecas\Documentos\GitHub\ProyectosCG\PruebaConGit\Resources\librerias\figuras.cpp(12,9): warning C4838: la conversión de 'double' en 'GLfloat' requiere una conversión de restricción
D:\Bibliotecas\Documentos\GitHub\ProyectosCG\PruebaConGit\Resources\librerias\figuras.cpp(12,21): warning C4838: la conversión de 'double' en 'GLfloat' requiere una conversión de restricción
D:\Bibliotecas\Documentos\GitHub\ProyectosCG\PruebaConGit\Resources\librerias\figuras.cpp(12,33): warning C4838: la conversión de 'double' en 'GLfloat' requiere una conversión de restricción
D:\Bibliotecas\Documentos\GitHub\ProyectosCG\PruebaConGit\Resources\librerias\figuras.cpp(13,10): warning C4838: la conversión de 'double' en 'GLfloat' requiere una conversión de restricción
D:\Bibliotecas\Documentos\GitHub\ProyectosCG\PruebaConGit\Resources\librerias\figuras.cpp(13,22): warning C4838: la conversión de 'double' en 'GLfloat' requiere una conversión de restricción
D:\Bibliotecas\Documentos\GitHub\ProyectosCG\PruebaConGit\Resources\librerias\figuras.cpp(13,35): warning C4838: la conversión de 'double' en 'GLfloat' requiere una conversión de restricción
D:\Bibliotecas\Documentos\GitHub\ProyectosCG\PruebaConGit\Resources\librerias\figuras.cpp(14,10): warning C4838: la conversión de 'double' en 'GLfloat' requiere una conversión de restricción
D:\Bibliotecas\Documentos\GitHub\ProyectosCG\PruebaConGit\Resources\librerias\figuras.cpp(14,22): warning C4838: la conversión de 'double' en 'GLfloat' requiere una conversión de restricción
D:\Bibliotecas\Documentos\GitHub\ProyectosCG\PruebaConGit\Resources\librerias\figuras.cpp(14,36): warning C4838: la conversión de 'double' en 'GLfloat' requiere una conversión de restricción
D:\Bibliotecas\Documentos\GitHub\ProyectosCG\PruebaConGit\Resources\librerias\figuras.cpp(15,9): warning C4838: la conversión de 'double' en 'GLfloat' requiere una conversión de restricción
D:\Bibliotecas\Documentos\GitHub\ProyectosCG\PruebaConGit\Resources\librerias\figuras.cpp(15,21): warning C4838: la conversión de 'double' en 'GLfloat' requiere una conversión de restricción
D:\Bibliotecas\Documentos\GitHub\ProyectosCG\PruebaConGit\Resources\librerias\figuras.cpp(15,35): warning C4838: la conversión de 'double' en 'GLfloat' requiere una conversión de restricción
D:\Bibliotecas\Documentos\GitHub\ProyectosCG\PruebaConGit\Resources\librerias\figuras.cpp(16,9): warning C4838: la conversión de 'double' en 'GLfloat' requiere una conversión de restricción
D:\Bibliotecas\Documentos\GitHub\ProyectosCG\PruebaConGit\Resources\librerias\figuras.cpp(16,20): warning C4838: la conversión de 'double' en 'GLfloat' requiere una conversión de restricción
D:\Bibliotecas\Documentos\GitHub\ProyectosCG\PruebaConGit\Resources\librerias\figuras.cpp(16,33): warning C4838: la conversión de 'double' en 'GLfloat' requiere una conversión de restricción
D:\Bibliotecas\Documentos\GitHub\ProyectosCG\PruebaConGit\Resources\librerias\figuras.cpp(17,9): warning C4838: la conversión de 'double' en 'GLfloat' requiere una conversión de restricción
D:\Bibliotecas\Documentos\GitHub\ProyectosCG\PruebaConGit\Resources\librerias\figuras.cpp(17,20): warning C4838: la conversión de 'double' en 'GLfloat' requiere una conversión de restricción
D:\Bibliotecas\Documentos\GitHub\ProyectosCG\PruebaConGit\Resources\librerias\figuras.cpp(17,34): warning C4838: la conversión de 'double' en 'GLfloat' requiere una conversión de restricción
D:\Bibliotecas\Documentos\GitHub\ProyectosCG\PruebaConGit\Resources\librerias\figuras.cpp(18,10): warning C4838: la conversión de 'double' en 'GLfloat' requiere una conversión de restricción
D:\Bibliotecas\Documentos\GitHub\ProyectosCG\PruebaConGit\Resources\librerias\figuras.cpp(18,21): warning C4838: la conversión de 'double' en 'GLfloat' requiere una conversión de restricción
D:\Bibliotecas\Documentos\GitHub\ProyectosCG\PruebaConGit\Resources\librerias\figuras.cpp(18,35): warning C4838: la conversión de 'double' en 'GLfloat' requiere una conversión de restricción
D:\Bibliotecas\Documentos\GitHub\ProyectosCG\PruebaConGit\Resources\librerias\figuras.cpp(19,10): warning C4838: la conversión de 'double' en 'GLfloat' requiere una conversión de restricción
D:\Bibliotecas\Documentos\GitHub\ProyectosCG\PruebaConGit\Resources\librerias\figuras.cpp(19,21): warning C4838: la conversión de 'double' en 'GLfloat' requiere una conversión de restricción
D:\Bibliotecas\Documentos\GitHub\ProyectosCG\PruebaConGit\Resources\librerias\figuras.cpp(19,34): warning C4838: la conversión de 'double' en 'GLfloat' requiere una conversión de restricción
D:\Bibliotecas\Documentos\GitHub\ProyectosCG\PruebaConGit\Resources\librerias\figuras.cpp(82,9): warning C4838: la conversión de 'double' en 'GLfloat' requiere una conversión de restricción
D:\Bibliotecas\Documentos\GitHub\ProyectosCG\PruebaConGit\Resources\librerias\figuras.cpp(82,21): warning C4838: la conversión de 'double' en 'GLfloat' requiere una conversión de restricción
D:\Bibliotecas\Documentos\GitHub\ProyectosCG\PruebaConGit\Resources\librerias\figuras.cpp(82,33): warning C4838: la conversión de 'double' en 'GLfloat' requiere una conversión de restricción
D:\Bibliotecas\Documentos\GitHub\ProyectosCG\PruebaConGit\Resources\librerias\figuras.cpp(83,10): warning C4838: la conversión de 'double' en 'GLfloat' requiere una conversión de restricción
D:\Bibliotecas\Documentos\GitHub\ProyectosCG\PruebaConGit\Resources\librerias\figuras.cpp(83,22): warning C4838: la conversión de 'double' en 'GLfloat' requiere una conversión de restricción
D:\Bibliotecas\Documentos\GitHub\ProyectosCG\PruebaConGit\Resources\librerias\figuras.cpp(83,35): warning C4838: la conversión de 'double' en 'GLfloat' requiere una conversión de restricción
D:\Bibliotecas\Documentos\GitHub\ProyectosCG\PruebaConGit\Resources\librerias\figuras.cpp(84,10): warning C4838: la conversión de 'double' en 'GLfloat' requiere una conversión de restricción
D:\Bibliotecas\Documentos\GitHub\ProyectosCG\PruebaConGit\Resources\librerias\figuras.cpp(84,22): warning C4838: la conversión de 'double' en 'GLfloat' requiere una conversión de restricción
D:\Bibliotecas\Documentos\GitHub\ProyectosCG\PruebaConGit\Resources\librerias\figuras.cpp(84,36): warning C4838: la conversión de 'double' en 'GLfloat' requiere una conversión de restricción
D:\Bibliotecas\Documentos\GitHub\ProyectosCG\PruebaConGit\Resources\librerias\figuras.cpp(85,9): warning C4838: la conversión de 'double' en 'GLfloat' requiere una conversión de restricción
D:\Bibliotecas\Documentos\GitHub\ProyectosCG\PruebaConGit\Resources\librerias\figuras.cpp(85,21): warning C4838: la conversión de 'double' en 'GLfloat' requiere una conversión de restricción
D:\Bibliotecas\Documentos\GitHub\ProyectosCG\PruebaConGit\Resources\librerias\figuras.cpp(85,35): warning C4838: la conversión de 'double' en 'GLfloat' requiere una conversión de restricción
D:\Bibliotecas\Documentos\GitHub\ProyectosCG\PruebaConGit\Resources\librerias\figuras.cpp(86,9): warning C4838: la conversión de 'double' en 'GLfloat' requiere una conversión de restricción
D:\Bibliotecas\Documentos\GitHub\ProyectosCG\PruebaConGit\Resources\librerias\figuras.cpp(86,20): warning C4838: la conversión de 'double' en 'GLfloat' requiere una conversión de restricción
D:\Bibliotecas\Documentos\GitHub\ProyectosCG\PruebaConGit\Resources\librerias\figuras.cpp(86,33): warning C4838: la conversión de 'double' en 'GLfloat' requiere una conversión de restricción
D:\Bibliotecas\Documentos\GitHub\ProyectosCG\PruebaConGit\Resources\librerias\figuras.cpp(87,9): warning C4838: la conversión de 'double' en 'GLfloat' requiere una conversión de restricción
D:\Bibliotecas\Documentos\GitHub\ProyectosCG\PruebaConGit\Resources\librerias\figuras.cpp(87,20): warning C4838: la conversión de 'double' en 'GLfloat' requiere una conversión de restricción
D:\Bibliotecas\Documentos\GitHub\ProyectosCG\PruebaConGit\Resources\librerias\figuras.cpp(87,34): warning C4838: la conversión de 'double' en 'GLfloat' requiere una conversión de restricción
D:\Bibliotecas\Documentos\GitHub\ProyectosCG\PruebaConGit\Resources\librerias\figuras.cpp(88,10): warning C4838: la conversión de 'double' en 'GLfloat' requiere una conversión de restricción
D:\Bibliotecas\Documentos\GitHub\ProyectosCG\PruebaConGit\Resources\librerias\figuras.cpp(88,21): warning C4838: la conversión de 'double' en 'GLfloat' requiere una conversión de restricción
D:\Bibliotecas\Documentos\GitHub\ProyectosCG\PruebaConGit\Resources\librerias\figuras.cpp(88,35): warning C4838: la conversión de 'double' en 'GLfloat' requiere una conversión de restricción
D:\Bibliotecas\Documentos\GitHub\ProyectosCG\PruebaConGit\Resources\librerias\figuras.cpp(89,10): warning C4838: la conversión de 'double' en 'GLfloat' requiere una conversión de restricción
D:\Bibliotecas\Documentos\GitHub\ProyectosCG\PruebaConGit\Resources\librerias\figuras.cpp(89,21): warning C4838: la conversión de 'double' en 'GLfloat' requiere una conversión de restricción
D:\Bibliotecas\Documentos\GitHub\ProyectosCG\PruebaConGit\Resources\librerias\figuras.cpp(89,34): warning C4838: la conversión de 'double' en 'GLfloat' requiere una conversión de restricción
D:\Bibliotecas\Documentos\GitHub\ProyectosCG\PruebaConGit\Resources\librerias\figuras.cpp(381,11): warning C4101: 'theta': variable local sin referencia
  texture.cpp
  Generando código...
D:\Bibliotecas\Documentos\GitHub\ProyectosCG\PruebaConGit\Resources\librerias\figuras.cpp(381,18): warning C4101: 'phi': variable local sin referencia
cmodel.lib(_3dsloader.obj) : warning LNK4099: no se encontró PDB 'vc70.pdb' con 'cmodel.lib(_3dsloader.obj)' o en 'D:\Bibliotecas\Documentos\GitHub\ProyectosCG\PruebaConGit\Debug\vc70.pdb'; se vinculará el objeto sin tener en cuenta información de depuración
cmodel.lib(CModel.obj) : warning LNK4099: no se encontró PDB 'vc70.pdb' con 'cmodel.lib(CModel.obj)' o en 'D:\Bibliotecas\Documentos\GitHub\ProyectosCG\PruebaConGit\Debug\vc70.pdb'; se vinculará el objeto sin tener en cuenta información de depuración
cmodel.lib(CObject.obj) : warning LNK4099: no se encontró PDB 'vc70.pdb' con 'cmodel.lib(CObject.obj)' o en 'D:\Bibliotecas\Documentos\GitHub\ProyectosCG\PruebaConGit\Debug\vc70.pdb'; se vinculará el objeto sin tener en cuenta información de depuración
cmodel.lib(GFILoader.obj) : warning LNK4099: no se encontró PDB 'vc70.pdb' con 'cmodel.lib(GFILoader.obj)' o en 'D:\Bibliotecas\Documentos\GitHub\ProyectosCG\PruebaConGit\Debug\vc70.pdb'; se vinculará el objeto sin tener en cuenta información de depuración
cmodel.lib(GLRender.obj) : warning LNK4099: no se encontró PDB 'vc70.pdb' con 'cmodel.lib(GLRender.obj)' o en 'D:\Bibliotecas\Documentos\GitHub\ProyectosCG\PruebaConGit\Debug\vc70.pdb'; se vinculará el objeto sin tener en cuenta información de depuración
cmodel.lib(HandleStream.obj) : warning LNK4099: no se encontró PDB 'vc70.pdb' con 'cmodel.lib(HandleStream.obj)' o en 'D:\Bibliotecas\Documentos\GitHub\ProyectosCG\PruebaConGit\Debug\vc70.pdb'; se vinculará el objeto sin tener en cuenta información de depuración
cmodel.lib(imageload.obj) : warning LNK4099: no se encontró PDB 'vc70.pdb' con 'cmodel.lib(imageload.obj)' o en 'D:\Bibliotecas\Documentos\GitHub\ProyectosCG\PruebaConGit\Debug\vc70.pdb'; se vinculará el objeto sin tener en cuenta información de depuración
cmodel.lib(MATRIX4X4.obj) : warning LNK4099: no se encontró PDB 'vc70.pdb' con 'cmodel.lib(MATRIX4X4.obj)' o en 'D:\Bibliotecas\Documentos\GitHub\ProyectosCG\PruebaConGit\Debug\vc70.pdb'; se vinculará el objeto sin tener en cuenta información de depuración
cmodel.lib(VECTOR3D.obj) : warning LNK4099: no se encontró PDB 'vc70.pdb' con 'cmodel.lib(VECTOR3D.obj)' o en 'D:\Bibliotecas\Documentos\GitHub\ProyectosCG\PruebaConGit\Debug\vc70.pdb'; se vinculará el objeto sin tener en cuenta información de depuración
cmodel.lib(VECTOR4D.obj) : warning LNK4099: no se encontró PDB 'vc70.pdb' con 'cmodel.lib(VECTOR4D.obj)' o en 'D:\Bibliotecas\Documentos\GitHub\ProyectosCG\PruebaConGit\Debug\vc70.pdb'; se vinculará el objeto sin tener en cuenta información de depuración
  PruebaConGit.vcxproj -> D:\Bibliotecas\Documentos\GitHub\ProyectosCG\PruebaConGit\Debug\PruebaConGit.exe
